<?xml version="1.0" encoding="UTF-8"?>
<!-- Generated by org.testng.reporters.JUnitXMLReporter -->
<testsuite hostname="RAKESH-PC" ignored="4" name="Default test" tests="3" failures="0" timestamp="2021-09-04T10:18:17 IST" time="100.978" errors="0">
  <testcase name="createpriceinfotest" time="15.673" classname="productpage.createproductpriceinfotest"/>
  <testcase name="createnewproducttest" time="13.511" classname="productpage.createnewproductstocktest"/>
  <testcase name="createpagetest" time="15.316" classname="productpage.createproductpagetest"/>
  <testcase name="@BeforeSuite configBS" time="0.0" classname="com.vtiger.comcast.genericutility.BaseClass">
    <ignored/>
  </testcase> <!-- @BeforeSuite configBS -->
  <testcase name="@BeforeSuite configBS" time="0.0" classname="com.vtiger.comcast.genericutility.BaseClass">
    <ignored/>
  </testcase> <!-- @BeforeSuite configBS -->
  <testcase name="@AfterSuite configAS" time="0.0" classname="com.vtiger.comcast.genericutility.BaseClass">
    <ignored/>
  </testcase> <!-- @AfterSuite configAS -->
  <testcase name="@AfterSuite configAS" time="0.0" classname="com.vtiger.comcast.genericutility.BaseClass">
    <ignored/>
  </testcase> <!-- @AfterSuite configAS -->
</testsuite> <!-- Default test -->
