<?xml version="1.0" encoding="UTF-8"?>
<testng-results skipped="0" failed="0" ignored="0" total="1" passed="1">
  <reporter-output>
  </reporter-output>
  <suite name="Default suite" duration-ms="34828" started-at="2021-08-27T16:16:14 IST" finished-at="2021-08-27T16:16:49 IST">
    <groups>
    </groups>
    <test name="Default test" duration-ms="34828" started-at="2021-08-27T16:16:14 IST" finished-at="2021-08-27T16:16:49 IST">
      <class name="productpage.createproductpriceinfo">
        <test-method status="PASS" signature="configBS()[pri:0, instance:productpage.createproductpriceinfo@1af5db5]" name="configBS" is-config="true" duration-ms="20" started-at="2021-08-27T16:16:14 IST" finished-at="2021-08-27T16:16:14 IST">
          <reporter-output>
          </reporter-output>
        </test-method> <!-- configBS -->
        <test-method status="PASS" signature="configBC()[pri:0, instance:productpage.createproductpriceinfo@1af5db5]" name="configBC" is-config="true" duration-ms="5706" started-at="2021-08-27T16:16:14 IST" finished-at="2021-08-27T16:16:20 IST">
          <reporter-output>
          </reporter-output>
        </test-method> <!-- configBC -->
        <test-method status="PASS" signature="configBM()[pri:0, instance:productpage.createproductpriceinfo@1af5db5]" name="configBM" is-config="true" duration-ms="11654" started-at="2021-08-27T16:16:20 IST" finished-at="2021-08-27T16:16:31 IST">
          <reporter-output>
          </reporter-output>
        </test-method> <!-- configBM -->
        <test-method status="PASS" signature="createproductpriceinfotest()[pri:0, instance:productpage.createproductpriceinfo@1af5db5]" name="createproductpriceinfotest" duration-ms="16490" started-at="2021-08-27T16:16:31 IST" finished-at="2021-08-27T16:16:48 IST">
          <reporter-output>
          </reporter-output>
        </test-method> <!-- createproductpriceinfotest -->
        <test-method status="PASS" signature="configAM()[pri:0, instance:productpage.createproductpriceinfo@1af5db5]" name="configAM" is-config="true" duration-ms="0" started-at="2021-08-27T16:16:48 IST" finished-at="2021-08-27T16:16:48 IST">
          <reporter-output>
          </reporter-output>
        </test-method> <!-- configAM -->
        <test-method status="PASS" signature="configAC()[pri:0, instance:productpage.createproductpriceinfo@1af5db5]" name="configAC" is-config="true" duration-ms="875" started-at="2021-08-27T16:16:48 IST" finished-at="2021-08-27T16:16:49 IST">
          <reporter-output>
          </reporter-output>
        </test-method> <!-- configAC -->
        <test-method status="PASS" signature="configAS()[pri:0, instance:productpage.createproductpriceinfo@1af5db5]" name="configAS" is-config="true" duration-ms="0" started-at="2021-08-27T16:16:49 IST" finished-at="2021-08-27T16:16:49 IST">
          <reporter-output>
          </reporter-output>
        </test-method> <!-- configAS -->
      </class> <!-- productpage.createproductpriceinfo -->
    </test> <!-- Default test -->
  </suite> <!-- Default suite -->
</testng-results>
