<?xml version="1.0" encoding="UTF-8"?>
<!-- Generated by org.testng.reporters.JUnitXMLReporter -->
<testsuite hostname="RAKESH-PC" ignored="4" name="Test" tests="3" failures="0" timestamp="2021-09-04T10:20:51 IST" time="102.705" errors="0">
  <testcase name="createpriceinfotest" time="15.047" classname="productpage.createproductpriceinfotest"/>
  <testcase name="createnewproducttest" time="11.935" classname="productpage.createnewproductstocktest"/>
  <testcase name="createpagetest" time="16.763" classname="productpage.createproductpagetest"/>
  <testcase name="@BeforeSuite configBS" time="0.0" classname="com.vtiger.comcast.genericutility.BaseClass">
    <ignored/>
  </testcase> <!-- @BeforeSuite configBS -->
  <testcase name="@BeforeSuite configBS" time="0.0" classname="com.vtiger.comcast.genericutility.BaseClass">
    <ignored/>
  </testcase> <!-- @BeforeSuite configBS -->
  <testcase name="@AfterSuite configAS" time="0.0" classname="com.vtiger.comcast.genericutility.BaseClass">
    <ignored/>
  </testcase> <!-- @AfterSuite configAS -->
  <testcase name="@AfterSuite configAS" time="0.0" classname="com.vtiger.comcast.genericutility.BaseClass">
    <ignored/>
  </testcase> <!-- @AfterSuite configAS -->
</testsuite> <!-- Test -->
